2016-05-13T10:30:11.040059Z 0 [Warning] TIMESTAMP with implicit DEFAULT value is deprecated. Please use --explicit_defaults_for_timestamp server option (see documentation for more details).
2016-05-13T10:30:11.040059Z 0 [Warning] Insecure configuration for --secure-file-priv: Current value does not restrict location of generated files. Consider setting it to a valid, non-empty path.
2016-05-13T10:30:11.040560Z 0 [Note] C:\Program Files\MySQL\MySQL Server 5.7\bin\mysqld (mysqld 5.7.12) starting as process 11636 ...
2016-05-13T10:30:11.102590Z 0 [Note] InnoDB: Mutexes and rw_locks use Windows interlocked functions
2016-05-13T10:30:11.105089Z 0 [Note] InnoDB: Uses event mutexes
2016-05-13T10:30:11.106089Z 0 [Note] InnoDB: Memory barrier is not used
2016-05-13T10:30:11.107091Z 0 [Note] InnoDB: Compressed tables use zlib 1.2.3
2016-05-13T10:30:11.109591Z 0 [Note] InnoDB: Number of pools: 1
2016-05-13T10:30:11.110589Z 0 [Note] InnoDB: Not using CPU crc32 instructions
2016-05-13T10:30:11.293115Z 0 [Note] InnoDB: Initializing buffer pool, total size = 128M, instances = 1, chunk size = 128M
2016-05-13T10:30:11.313117Z 0 [Note] InnoDB: Completed initialization of buffer pool
2016-05-13T10:30:11.423130Z 0 [Note] InnoDB: Highest supported file format is Barracuda.
2016-05-13T10:30:11.429631Z 0 [Note] InnoDB: Log scan progressed past the checkpoint lsn 2627551
2016-05-13T10:30:11.431131Z 0 [Note] InnoDB: Doing recovery: scanned up to log sequence number 2627560
2016-05-13T10:30:11.434132Z 0 [Note] InnoDB: Doing recovery: scanned up to log sequence number 2627560
2016-05-13T10:30:11.436133Z 0 [Note] InnoDB: Database was not shutdown normally!
2016-05-13T10:30:11.437632Z 0 [Note] InnoDB: Starting crash recovery.
2016-05-13T10:30:11.785176Z 0 [Note] InnoDB: Removed temporary tablespace data file: "ibtmp1"
2016-05-13T10:30:11.786175Z 0 [Note] InnoDB: Creating shared tablespace for temporary tables
2016-05-13T10:30:11.789676Z 0 [Note] InnoDB: Setting file '.\ibtmp1' size to 12 MB. Physically writing the file full; Please wait ...
2016-05-13T10:30:11.870187Z 0 [Note] InnoDB: File '.\ibtmp1' size is now 12 MB.
2016-05-13T10:30:11.887189Z 0 [Note] InnoDB: 96 redo rollback segment(s) found. 96 redo rollback segment(s) are active.
2016-05-13T10:30:11.889189Z 0 [Note] InnoDB: 32 non-redo rollback segment(s) are active.
2016-05-13T10:30:11.890690Z 0 [Note] InnoDB: Waiting for purge to start
2016-05-13T10:30:11.942696Z 0 [Note] InnoDB: 5.7.12 started; log sequence number 2627560
2016-05-13T10:30:11.944696Z 0 [Note] InnoDB: Loading buffer pool(s) from C:\Users\marku\Documents\GitHub\crusade-chillipepper\FWAdministraion\Neu\ib_buffer_pool
2016-05-13T10:30:11.945695Z 0 [Note] Plugin 'FEDERATED' is disabled.
2016-05-13T10:30:12.032707Z 0 [Warning] Failed to set up SSL because of the following SSL library error: SSL context is not usable without certificate and private key
2016-05-13T10:30:12.034207Z 0 [Note] InnoDB: Buffer pool(s) load completed at 160513 12:30:12
2016-05-13T10:30:12.041708Z 0 [Note] Server hostname (bind-address): '*'; port: 3306
2016-05-13T10:30:12.043208Z 0 [Note] IPv6 is available.
2016-05-13T10:30:12.044212Z 0 [Note]   - '::' resolves to '::';
2016-05-13T10:30:12.045209Z 0 [Note] Server socket created on IP: '::'.
2016-05-13T10:30:12.417321Z 0 [Note] Event Scheduler: Loaded 0 events
2016-05-13T10:30:12.425261Z 0 [Note] C:\Program Files\MySQL\MySQL Server 5.7\bin\mysqld: ready for connections.
Version: '5.7.12'  socket: ''  port: 3306  MySQL Community Server (GPL)
2016-05-13T10:30:52.660893Z 4 [Note] Access denied for user 'root'@'localhost' (using password: NO)
2016-05-13T10:30:56.805950Z 5 [Note] Access denied for user 'root'@'localhost' (using password: YES)
2016-05-13T10:31:00.143523Z 6 [Note] Access denied for user 'root'@'localhost' (using password: NO)
2016-05-13T10:32:15.510754Z 11 [Note] Aborted connection 11 to db: 'fwadministration' user: 'fwa_app' host: 'localhost' (Got an error reading communication packets)
2016-05-13T10:39:52.706942Z 12 [Note] Aborted connection 12 to db: 'fwadministration' user: 'fwa_app' host: 'localhost' (Got an error reading communication packets)
2016-05-13T10:48:15.917008Z 13 [Note] Aborted connection 13 to db: 'fwadministration' user: 'fwa_app' host: 'localhost' (Got an error reading communication packets)
2016-05-13T10:50:03.594408Z 15 [Note] Access denied for user 'root'@'localhost' (using password: NO)
2016-05-13T10:51:05.438926Z 14 [Note] Aborted connection 14 to db: 'fwadministration' user: 'fwa_app' host: 'localhost' (Got an error reading communication packets)
2016-05-13T10:55:07.763484Z 18 [Note] Aborted connection 18 to db: 'fwadministration' user: 'fwa_app' host: 'localhost' (Got an error reading communication packets)
2016-05-13T11:02:22.892495Z 19 [Note] Aborted connection 19 to db: 'fwadministration' user: 'fwa_app' host: 'localhost' (Got an error reading communication packets)
